<?xml version="1.0" encoding="UTF-8"?>
<!-- Generated by org.testng.reporters.JUnitXMLReporter -->
<testsuite ignored="0" hostname="DESKTOP-JKOK5DU" failures="2" tests="2" name="Test" time="36.659" errors="0" timestamp="2023-10-02T19:41:04 IST">
  <testcase classname="testCasesOne.TC_001_Account_Registratin_One" name="test_account_Registration" time="10.237">
    <failure type="java.lang.AssertionError" message="null">
      <![CDATA[java.lang.AssertionError: null
at testCasesOne.TC_001_Account_Registratin_One.test_account_Registration(TC_001_Account_Registratin_One.java:75)
at java.base/java.util.ArrayList.forEach(ArrayList.java:1511)
... Removed 29 stack frames]]>
    </failure>
  </testcase> <!-- test_account_Registration -->
  <testcase classname="testCasesOne.TC_002_LoginTestOne" name="Test_Login" time="10.795">
    <failure type="java.lang.AssertionError" message="null">
      <![CDATA[java.lang.AssertionError: null
at testCasesOne.TC_002_LoginTestOne.Test_Login(TC_002_LoginTestOne.java:54)
at java.base/java.util.ArrayList.forEach(ArrayList.java:1511)
... Removed 29 stack frames]]>
    </failure>
  </testcase> <!-- Test_Login -->
</testsuite> <!-- Test -->
