<?xml version="1.0" encoding="UTF-8"?>
<testng-results ignored="0" total="2" passed="2" failed="0" skipped="0">
  <reporter-output>
  </reporter-output>
  <suite started-at="2023-10-03T23:00:44 IST" name="Suite" finished-at="2023-10-03T23:01:01 IST" duration-ms="17364">
    <groups>
      <group name="Master">
        <method signature="TC_001_Account_Registratin_One.test_account_Registration()[pri:0, instance:testCasesOne.TC_001_Account_Registratin_One@4466af20]" name="test_account_Registration" class="testCasesOne.TC_001_Account_Registratin_One"/>
        <method signature="TC_002_LoginTestOne.Test_Login()[pri:0, instance:testCasesOne.TC_002_LoginTestOne@4cc451f2]" name="Test_Login" class="testCasesOne.TC_002_LoginTestOne"/>
      </group> <!-- Master -->
      <group name="Sanity">
        <method signature="TC_002_LoginTestOne.Test_Login()[pri:0, instance:testCasesOne.TC_002_LoginTestOne@4cc451f2]" name="Test_Login" class="testCasesOne.TC_002_LoginTestOne"/>
      </group> <!-- Sanity -->
      <group name="Regression">
        <method signature="TC_001_Account_Registratin_One.test_account_Registration()[pri:0, instance:testCasesOne.TC_001_Account_Registratin_One@4466af20]" name="test_account_Registration" class="testCasesOne.TC_001_Account_Registratin_One"/>
      </group> <!-- Regression -->
    </groups>
    <test started-at="2023-10-03T23:00:44 IST" name="Test" finished-at="2023-10-03T23:01:01 IST" duration-ms="17364">
      <class name="testCasesOne.TC_002_LoginTestOne">
        <test-method is-config="true" signature="setup(java.lang.String)[pri:0, instance:testCasesOne.TC_002_LoginTestOne@4cc451f2]" started-at="2023-10-03T23:00:54 IST" name="setup" finished-at="2023-10-03T23:00:59 IST" duration-ms="4318" status="PASS">
          <params>
            <param index="0">
              <value>
                <![CDATA[chrome]]>
              </value>
            </param>
          </params>
          <reporter-output>
          </reporter-output>
        </test-method> <!-- setup -->
        <test-method signature="Test_Login()[pri:0, instance:testCasesOne.TC_002_LoginTestOne@4cc451f2]" started-at="2023-10-03T23:00:59 IST" name="Test_Login" finished-at="2023-10-03T23:01:01 IST" duration-ms="1904" status="PASS">
          <reporter-output>
          </reporter-output>
        </test-method> <!-- Test_Login -->
        <test-method is-config="true" signature="tearDown()[pri:0, instance:testCasesOne.TC_002_LoginTestOne@4cc451f2]" started-at="2023-10-03T23:01:01 IST" name="tearDown" finished-at="2023-10-03T23:01:01 IST" duration-ms="335" status="PASS">
          <reporter-output>
          </reporter-output>
        </test-method> <!-- tearDown -->
      </class> <!-- testCasesOne.TC_002_LoginTestOne -->
      <class name="testCasesOne.TC_001_Account_Registratin_One">
        <test-method is-config="true" signature="setup(java.lang.String)[pri:0, instance:testCasesOne.TC_001_Account_Registratin_One@4466af20]" started-at="2023-10-03T23:00:44 IST" name="setup" finished-at="2023-10-03T23:00:51 IST" duration-ms="6969" status="PASS">
          <params>
            <param index="0">
              <value>
                <![CDATA[chrome]]>
              </value>
            </param>
          </params>
          <reporter-output>
          </reporter-output>
        </test-method> <!-- setup -->
        <test-method signature="test_account_Registration()[pri:0, instance:testCasesOne.TC_001_Account_Registratin_One@4466af20]" started-at="2023-10-03T23:00:51 IST" name="test_account_Registration" finished-at="2023-10-03T23:00:54 IST" duration-ms="2937" status="PASS">
          <reporter-output>
          </reporter-output>
        </test-method> <!-- test_account_Registration -->
        <test-method is-config="true" signature="tearDown()[pri:0, instance:testCasesOne.TC_001_Account_Registratin_One@4466af20]" started-at="2023-10-03T23:00:54 IST" name="tearDown" finished-at="2023-10-03T23:00:54 IST" duration-ms="306" status="PASS">
          <reporter-output>
          </reporter-output>
        </test-method> <!-- tearDown -->
      </class> <!-- testCasesOne.TC_001_Account_Registratin_One -->
    </test> <!-- Test -->
  </suite> <!-- Suite -->
</testng-results>
