<?xml version="1.0" encoding="UTF-8"?>
<testng-results ignored="0" total="2" passed="2" failed="0" skipped="0">
  <reporter-output>
  </reporter-output>
  <suite started-at="2023-10-02T19:42:27 IST" name="Failed suite [Suite]" finished-at="2023-10-02T19:42:44 IST" duration-ms="16359">
    <groups>
      <group name="Master">
        <method signature="TC_001_Account_Registratin_One.test_account_Registration()[pri:0, instance:testCasesOne.TC_001_Account_Registratin_One@1a482e36]" name="test_account_Registration" class="testCasesOne.TC_001_Account_Registratin_One"/>
        <method signature="TC_002_LoginTestOne.Test_Login()[pri:0, instance:testCasesOne.TC_002_LoginTestOne@6cf0e0ba]" name="Test_Login" class="testCasesOne.TC_002_LoginTestOne"/>
      </group> <!-- Master -->
      <group name="Sanity">
        <method signature="TC_002_LoginTestOne.Test_Login()[pri:0, instance:testCasesOne.TC_002_LoginTestOne@6cf0e0ba]" name="Test_Login" class="testCasesOne.TC_002_LoginTestOne"/>
      </group> <!-- Sanity -->
      <group name="Regression">
        <method signature="TC_001_Account_Registratin_One.test_account_Registration()[pri:0, instance:testCasesOne.TC_001_Account_Registratin_One@1a482e36]" name="test_account_Registration" class="testCasesOne.TC_001_Account_Registratin_One"/>
      </group> <!-- Regression -->
    </groups>
    <test started-at="2023-10-02T19:42:27 IST" name="Test(failed)" finished-at="2023-10-02T19:42:44 IST" duration-ms="16359">
      <class name="testCasesOne.TC_002_LoginTestOne">
        <test-method is-config="true" signature="setup(java.lang.String)[pri:0, instance:testCasesOne.TC_002_LoginTestOne@6cf0e0ba]" started-at="2023-10-02T19:42:38 IST" name="setup" finished-at="2023-10-02T19:42:41 IST" duration-ms="3457" status="PASS">
          <params>
            <param index="0">
              <value>
                <![CDATA[chrome]]>
              </value>
            </param>
          </params>
          <reporter-output>
          </reporter-output>
        </test-method> <!-- setup -->
        <test-method signature="Test_Login()[pri:0, instance:testCasesOne.TC_002_LoginTestOne@6cf0e0ba]" started-at="2023-10-02T19:42:41 IST" name="Test_Login" finished-at="2023-10-02T19:42:43 IST" duration-ms="1858" status="PASS">
          <reporter-output>
          </reporter-output>
        </test-method> <!-- Test_Login -->
        <test-method is-config="true" signature="tearDown()[pri:0, instance:testCasesOne.TC_002_LoginTestOne@6cf0e0ba]" started-at="2023-10-02T19:42:43 IST" name="tearDown" finished-at="2023-10-02T19:42:44 IST" duration-ms="378" status="PASS">
          <reporter-output>
          </reporter-output>
        </test-method> <!-- tearDown -->
      </class> <!-- testCasesOne.TC_002_LoginTestOne -->
      <class name="testCasesOne.TC_001_Account_Registratin_One">
        <test-method is-config="true" signature="setup(java.lang.String)[pri:0, instance:testCasesOne.TC_001_Account_Registratin_One@1a482e36]" started-at="2023-10-02T19:42:28 IST" name="setup" finished-at="2023-10-02T19:42:35 IST" duration-ms="6881" status="PASS">
          <params>
            <param index="0">
              <value>
                <![CDATA[chrome]]>
              </value>
            </param>
          </params>
          <reporter-output>
          </reporter-output>
        </test-method> <!-- setup -->
        <test-method signature="test_account_Registration()[pri:0, instance:testCasesOne.TC_001_Account_Registratin_One@1a482e36]" started-at="2023-10-02T19:42:35 IST" name="test_account_Registration" finished-at="2023-10-02T19:42:37 IST" duration-ms="2783" status="PASS">
          <reporter-output>
          </reporter-output>
        </test-method> <!-- test_account_Registration -->
        <test-method is-config="true" signature="tearDown()[pri:0, instance:testCasesOne.TC_001_Account_Registratin_One@1a482e36]" started-at="2023-10-02T19:42:37 IST" name="tearDown" finished-at="2023-10-02T19:42:38 IST" duration-ms="390" status="PASS">
          <reporter-output>
          </reporter-output>
        </test-method> <!-- tearDown -->
      </class> <!-- testCasesOne.TC_001_Account_Registratin_One -->
    </test> <!-- Test(failed) -->
  </suite> <!-- Failed suite [Suite] -->
</testng-results>
